<?xml version="1.0" encoding="UTF-8"?>
<testng-results skipped="0" failed="1" total="1" passed="0">
  <reporter-output>
  </reporter-output>
  <suite name="Default suite" duration-ms="345" started-at="2015-04-28T12:43:47Z" finished-at="2015-04-28T12:43:47Z">
    <groups>
    </groups>
    <test name="Default test" duration-ms="345" started-at="2015-04-28T12:43:47Z" finished-at="2015-04-28T12:43:47Z">
      <class name="ca.mss.rd.flow.test.TestSpFlowTrader">
        <test-method status="PASS" signature="beforeClass()[pri:0, instance:ca.mss.rd.flow.test.TestSpFlowTrader@5906ebcb]" name="beforeClass" is-config="true" duration-ms="63" started-at="2015-04-28T08:43:47Z" finished-at="2015-04-28T08:43:47Z">
          <reporter-output>
          </reporter-output>
        </test-method> <!-- beforeClass -->
        <test-method status="FAIL" signature="testTraderFlowSetAsSubflowSimple()[pri:0, instance:ca.mss.rd.flow.test.TestSpFlowTrader@5906ebcb]" name="testTraderFlowSetAsSubflowSimple" duration-ms="157" started-at="2015-04-28T08:43:47Z" finished-at="2015-04-28T08:43:47Z">
          <exception class="java.lang.AssertionError">
            <message>
              <![CDATA[There 58 jobs created (W=1,A=19/f=0/r=0,T=38) but 1090 executed? expected [false] but found [true]]]>
            </message>
            <full-stacktrace>
              <![CDATA[java.lang.AssertionError: There 58 jobs created (W=1,A=19/f=0/r=0,T=38) but 1090 executed? expected [false] but found [true]
	at org.testng.Assert.fail(Assert.java:94)
	at org.testng.Assert.failNotEquals(Assert.java:494)
	at org.testng.Assert.assertFalse(Assert.java:63)
	at ca.mss.rd.flow.test.impl.TestBase.checkCreatedVsExecutedStartVsFinish(TestBase.java:155)
	at ca.mss.rd.flow.test.TestSpFlowTrader.testTraderFlowSetAsSubflowSimple(TestSpFlowTrader.java:73)
	at sun.reflect.NativeMethodAccessorImpl.invoke0(Native Method)
	at sun.reflect.NativeMethodAccessorImpl.invoke(NativeMethodAccessorImpl.java:62)
	at sun.reflect.DelegatingMethodAccessorImpl.invoke(DelegatingMethodAccessorImpl.java:43)
	at java.lang.reflect.Method.invoke(Method.java:483)
	at org.testng.internal.MethodInvocationHelper.invokeMethod(MethodInvocationHelper.java:84)
	at org.testng.internal.Invoker.invokeMethod(Invoker.java:714)
	at org.testng.internal.Invoker.invokeTestMethod(Invoker.java:901)
	at org.testng.internal.Invoker.invokeTestMethods(Invoker.java:1231)
	at org.testng.internal.TestMethodWorker.invokeTestMethods(TestMethodWorker.java:127)
	at org.testng.internal.TestMethodWorker.run(TestMethodWorker.java:111)
	at org.testng.TestRunner.privateRun(TestRunner.java:767)
	at org.testng.TestRunner.run(TestRunner.java:617)
	at org.testng.SuiteRunner.runTest(SuiteRunner.java:334)
	at org.testng.SuiteRunner.runSequentially(SuiteRunner.java:329)
	at org.testng.SuiteRunner.privateRun(SuiteRunner.java:291)
	at org.testng.SuiteRunner.run(SuiteRunner.java:240)
	at org.testng.SuiteRunnerWorker.runSuite(SuiteRunnerWorker.java:52)
	at org.testng.SuiteRunnerWorker.run(SuiteRunnerWorker.java:86)
	at org.testng.TestNG.runSuitesSequentially(TestNG.java:1224)
	at org.testng.TestNG.runSuitesLocally(TestNG.java:1149)
	at org.testng.TestNG.run(TestNG.java:1057)
	at org.testng.remote.RemoteTestNG.run(RemoteTestNG.java:111)
	at org.testng.remote.RemoteTestNG.initAndRun(RemoteTestNG.java:204)
	at org.testng.remote.RemoteTestNG.main(RemoteTestNG.java:175)
]]>
            </full-stacktrace>
          </exception> <!-- java.lang.AssertionError -->
          <reporter-output>
          </reporter-output>
        </test-method> <!-- testTraderFlowSetAsSubflowSimple -->
        <test-method status="PASS" signature="beforeMethod()[pri:0, instance:ca.mss.rd.flow.test.TestSpFlowTrader@5906ebcb]" name="beforeMethod" is-config="true" duration-ms="0" started-at="2015-04-28T08:43:47Z" finished-at="2015-04-28T08:43:47Z">
          <reporter-output>
          </reporter-output>
        </test-method> <!-- beforeMethod -->
        <test-method status="PASS" signature="afterClass()[pri:0, instance:ca.mss.rd.flow.test.TestSpFlowTrader@5906ebcb]" name="afterClass" is-config="true" duration-ms="110" started-at="2015-04-28T08:43:47Z" finished-at="2015-04-28T08:43:47Z">
          <reporter-output>
          </reporter-output>
        </test-method> <!-- afterClass -->
      </class> <!-- ca.mss.rd.flow.test.TestSpFlowTrader -->
    </test> <!-- Default test -->
  </suite> <!-- Default suite -->
</testng-results>
