<?xml version="1.0" encoding="UTF-8"?>
<!-- Generated by org.testng.reporters.JUnitXMLReporter -->
<testsuite hostname="lapmss" name="WkfSP" tests="13" failures="13" timestamp="12 Feb 2015 22:43:11 GMT" time="1.518" errors="0">
  <testcase name="testExternal" time="0.125" classname="ca.mss.rd.flow.test.TestSpFlow">
    <failure type="java.lang.AssertionError" message="There 31000 jobs created (W=2000,A=8000/0,T=21000) but 23000 executed? expected [false] but found [true]">
      <![CDATA[java.lang.AssertionError: There 31000 jobs created (W=2000,A=8000/0,T=21000) but 23000 executed? expected [false] but found [true]
	at ca.mss.rd.flow.test.TestBase.checkCreatedVsExecutedStartVsFinish(TestBase.java:146)
	at ca.mss.rd.flow.test.TestSpFlow.testExternal(TestSpFlow.java:56)
... Removed 27 stack frames]]>
    </failure>
  </testcase> <!-- testExternal -->
  <testcase name="testMix" time="0.125" classname="ca.mss.rd.flow.test.TestSpFlow">
    <failure type="java.lang.AssertionError" message="Workflows start 1000 but finish 0? expected [false] but found [true]">
      <![CDATA[java.lang.AssertionError: Workflows start 1000 but finish 0? expected [false] but found [true]
	at ca.mss.rd.flow.test.TestBase.checkCreatedVsExecutedStartVsFinish(TestBase.java:154)
	at ca.mss.rd.flow.test.TestSpFlow.testMix(TestSpFlow.java:119)
... Removed 27 stack frames]]>
    </failure>
  </testcase> <!-- testMix -->
  <testcase name="testParallel" time="0.112" classname="ca.mss.rd.flow.test.TestSpFlow">
    <failure type="java.lang.AssertionError" message="There 21000 jobs created (W=1000,A=5000/0,T=15000) but 20969 executed? expected [false] but found [true]">
      <![CDATA[java.lang.AssertionError: There 21000 jobs created (W=1000,A=5000/0,T=15000) but 20969 executed? expected [false] but found [true]
	at ca.mss.rd.flow.test.TestBase.checkCreatedVsExecutedStartVsFinish(TestBase.java:146)
	at ca.mss.rd.flow.test.TestSpFlow.testParallel(TestSpFlow.java:97)
... Removed 27 stack frames]]>
    </failure>
  </testcase> <!-- testParallel -->
  <testcase name="testSequential" time="0.109" classname="ca.mss.rd.flow.test.TestSpFlow">
    <failure type="java.lang.AssertionError" message="Workflows start 1000 but finish 0? expected [false] but found [true]">
      <![CDATA[java.lang.AssertionError: Workflows start 1000 but finish 0? expected [false] but found [true]
	at ca.mss.rd.flow.test.TestBase.checkCreatedVsExecutedStartVsFinish(TestBase.java:154)
	at ca.mss.rd.flow.test.TestSpFlow.testSequential(TestSpFlow.java:77)
... Removed 27 stack frames]]>
    </failure>
  </testcase> <!-- testSequential -->
  <testcase name="testSuperMix" time="0.125" classname="ca.mss.rd.flow.test.TestSpFlow">
    <failure type="java.lang.AssertionError" message="Workflows start 1000 but finish 0? expected [false] but found [true]">
      <![CDATA[java.lang.AssertionError: Workflows start 1000 but finish 0? expected [false] but found [true]
	at ca.mss.rd.flow.test.TestBase.checkCreatedVsExecutedStartVsFinish(TestBase.java:154)
	at ca.mss.rd.flow.test.TestSpFlow.testSuperMix(TestSpFlow.java:145)
... Removed 27 stack frames]]>
    </failure>
  </testcase> <!-- testSuperMix -->
  <testcase name="WorkflowParallelSkipMiddle" time="0.125" classname="ca.mss.rd.flow.test.TestSpFlowSkip">
    <failure type="java.lang.AssertionError" message="Workflows start 1000 but finish 0? expected [false] but found [true]">
      <![CDATA[java.lang.AssertionError: Workflows start 1000 but finish 0? expected [false] but found [true]
	at ca.mss.rd.flow.test.TestBase.checkCreatedVsExecutedStartVsFinish(TestBase.java:154)
	at ca.mss.rd.flow.test.TestBase.checkCreatedVsExecutedStartVsFinish(TestBase.java:117)
	at ca.mss.rd.flow.test.TestSpFlowSkip.WorkflowParallelSkipMiddle(TestSpFlowSkip.java:106)
... Removed 27 stack frames]]>
    </failure>
  </testcase> <!-- WorkflowParallelSkipMiddle -->
  <testcase name="WorkflowSequentialSkipMiddle" time="0.109" classname="ca.mss.rd.flow.test.TestSpFlowSkip">
    <failure type="java.lang.AssertionError" message="Workflows start 1000 but finish 0? expected [false] but found [true]">
      <![CDATA[java.lang.AssertionError: Workflows start 1000 but finish 0? expected [false] but found [true]
	at ca.mss.rd.flow.test.TestBase.checkCreatedVsExecutedStartVsFinish(TestBase.java:154)
	at ca.mss.rd.flow.test.TestBase.checkCreatedVsExecutedStartVsFinish(TestBase.java:117)
	at ca.mss.rd.flow.test.TestSpFlowSkip.WorkflowSequentialSkipMiddle(TestSpFlowSkip.java:85)
... Removed 27 stack frames]]>
    </failure>
  </testcase> <!-- WorkflowSequentialSkipMiddle -->
  <testcase name="WorkflowSequentialSkipStart" time="0.11" classname="ca.mss.rd.flow.test.TestSpFlowSkip">
    <failure type="java.lang.AssertionError" message="Workflows start 1000 but finish 0? expected [false] but found [true]">
      <![CDATA[java.lang.AssertionError: Workflows start 1000 but finish 0? expected [false] but found [true]
	at ca.mss.rd.flow.test.TestBase.checkCreatedVsExecutedStartVsFinish(TestBase.java:154)
	at ca.mss.rd.flow.test.TestBase.checkCreatedVsExecutedStartVsFinish(TestBase.java:117)
	at ca.mss.rd.flow.test.TestSpFlowSkip.WorkflowSequentialSkipStart(TestSpFlowSkip.java:65)
... Removed 27 stack frames]]>
    </failure>
  </testcase> <!-- WorkflowSequentialSkipStart -->
  <testcase name="WorkflowSequentialSkipdEnd" time="0.109" classname="ca.mss.rd.flow.test.TestSpFlowSkip">
    <failure type="java.lang.AssertionError" message="Workflows start 1000 but finish 0? expected [false] but found [true]">
      <![CDATA[java.lang.AssertionError: Workflows start 1000 but finish 0? expected [false] but found [true]
	at ca.mss.rd.flow.test.TestBase.checkCreatedVsExecutedStartVsFinish(TestBase.java:154)
	at ca.mss.rd.flow.test.TestBase.checkCreatedVsExecutedStartVsFinish(TestBase.java:117)
	at ca.mss.rd.flow.test.TestSpFlowSkip.WorkflowSequentialSkipdEnd(TestSpFlowSkip.java:45)
... Removed 27 stack frames]]>
    </failure>
  </testcase> <!-- WorkflowSequentialSkipdEnd -->
  <testcase name="WorkflowParallelSkipMiddle" time="0.125" classname="ca.mss.rd.flow.test.TestSpFlowSkipAndDisabled">
    <failure type="java.lang.AssertionError" message="Workflows start 1000 but finish 0? expected [false] but found [true]">
      <![CDATA[java.lang.AssertionError: Workflows start 1000 but finish 0? expected [false] but found [true]
	at ca.mss.rd.flow.test.TestBase.checkCreatedVsExecutedStartVsFinish(TestBase.java:154)
	at ca.mss.rd.flow.test.TestBase.checkCreatedVsExecutedStartVsFinish(TestBase.java:117)
	at ca.mss.rd.flow.test.TestSpFlowSkipAndDisabled.WorkflowParallelSkipMiddle(TestSpFlowSkipAndDisabled.java:104)
... Removed 27 stack frames]]>
    </failure>
  </testcase> <!-- WorkflowParallelSkipMiddle -->
  <testcase name="WorkflowSequentialSkipMiddle" time="0.11" classname="ca.mss.rd.flow.test.TestSpFlowSkipAndDisabled">
    <failure type="java.lang.AssertionError" message="Workflows start 1000 but finish 0? expected [false] but found [true]">
      <![CDATA[java.lang.AssertionError: Workflows start 1000 but finish 0? expected [false] but found [true]
	at ca.mss.rd.flow.test.TestBase.checkCreatedVsExecutedStartVsFinish(TestBase.java:154)
	at ca.mss.rd.flow.test.TestBase.checkCreatedVsExecutedStartVsFinish(TestBase.java:117)
	at ca.mss.rd.flow.test.TestSpFlowSkipAndDisabled.WorkflowSequentialSkipMiddle(TestSpFlowSkipAndDisabled.java:85)
... Removed 27 stack frames]]>
    </failure>
  </testcase> <!-- WorkflowSequentialSkipMiddle -->
  <testcase name="WorkflowSequentialSkipStart" time="0.11" classname="ca.mss.rd.flow.test.TestSpFlowSkipAndDisabled">
    <failure type="java.lang.AssertionError" message="Workflows start 1000 but finish 0? expected [false] but found [true]">
      <![CDATA[java.lang.AssertionError: Workflows start 1000 but finish 0? expected [false] but found [true]
	at ca.mss.rd.flow.test.TestBase.checkCreatedVsExecutedStartVsFinish(TestBase.java:154)
	at ca.mss.rd.flow.test.TestBase.checkCreatedVsExecutedStartVsFinish(TestBase.java:117)
	at ca.mss.rd.flow.test.TestSpFlowSkipAndDisabled.WorkflowSequentialSkipStart(TestSpFlowSkipAndDisabled.java:65)
... Removed 27 stack frames]]>
    </failure>
  </testcase> <!-- WorkflowSequentialSkipStart -->
  <testcase name="WorkflowSequentialSkipdEnd" time="0.109" classname="ca.mss.rd.flow.test.TestSpFlowSkipAndDisabled">
    <failure type="java.lang.AssertionError" message="Workflows start 1000 but finish 0? expected [false] but found [true]">
      <![CDATA[java.lang.AssertionError: Workflows start 1000 but finish 0? expected [false] but found [true]
	at ca.mss.rd.flow.test.TestBase.checkCreatedVsExecutedStartVsFinish(TestBase.java:154)
	at ca.mss.rd.flow.test.TestBase.checkCreatedVsExecutedStartVsFinish(TestBase.java:117)
	at ca.mss.rd.flow.test.TestSpFlowSkipAndDisabled.WorkflowSequentialSkipdEnd(TestSpFlowSkipAndDisabled.java:45)
... Removed 27 stack frames]]>
    </failure>
  </testcase> <!-- WorkflowSequentialSkipdEnd -->
</testsuite> <!-- WkfSP -->
