<?xml version="1.0" encoding="UTF-8"?>
<!-- Generated by org.testng.reporters.JUnitXMLReporter -->
<testsuite hostname="lapmss" name="WkfSimple" tests="8" failures="0" timestamp="4 Mar 2015 13:28:53 GMT" time="4.565" errors="0">
  <testcase name="testLightSimpleFlow" time="0.25" classname="ca.mss.rd.flow.test.TestLightSimpleFlow"/>
  <testcase name="testHavySubflow" time="1.781" classname="ca.mss.rd.flow.test.TestHavySubflow"/>
  <testcase name="testHavySimpleFlow" time="1.594" classname="ca.mss.rd.flow.test.TestHavySimpleFlow"/>
  <testcase name="testExternal" time="0.172" classname="ca.mss.rd.flow.test.TestSpFlow"/>
  <testcase name="testMix" time="0.156" classname="ca.mss.rd.flow.test.TestSpFlow"/>
  <testcase name="testParallel" time="0.125" classname="ca.mss.rd.flow.test.TestSpFlow"/>
  <testcase name="testSequential" time="0.125" classname="ca.mss.rd.flow.test.TestSpFlow"/>
  <testcase name="testSuperMix" time="0.125" classname="ca.mss.rd.flow.test.TestSpFlow"/>
</testsuite> <!-- WkfSimple -->
