<html>
<head>
<title>TestNG:  WkfSP</title>
<link href="../testng.css" rel="stylesheet" type="text/css" />
<link href="../my-testng.css" rel="stylesheet" type="text/css" />

<style type="text/css">
.log { display: none;} 
.stack-trace { display: none;} 
</style>
<script type="text/javascript">
<!--
function flip(e) {
  current = e.style.display;
  if (current == 'block') {
    e.style.display = 'none';
    return 0;
  }
  else {
    e.style.display = 'block';
    return 1;
  }
}

function toggleBox(szDivId, elem, msg1, msg2)
{
  var res = -1;  if (document.getElementById) {
    res = flip(document.getElementById(szDivId));
  }
  else if (document.all) {
    // this is the way old msie versions work
    res = flip(document.all[szDivId]);
  }
  if(elem) {
    if(res == 0) elem.innerHTML = msg1; else elem.innerHTML = msg2;
  }

}

function toggleAllBoxes() {
  if (document.getElementsByTagName) {
    d = document.getElementsByTagName('div');
    for (i = 0; i < d.length; i++) {
      if (d[i].className == 'log') {
        flip(d[i]);
      }
    }
  }
}

// -->
</script>

</head>
<body>
<h2 align='center'>WkfSP</h2><table border='1' align="center">
<tr>
<td>Tests passed/Failed/Skipped:</td><td>0/13/0</td>
</tr><tr>
<td>Started on:</td><td>Thu Feb 12 17:43:10 EST 2015</td>
</tr>
<tr><td>Total time:</td><td>1 seconds (1518 ms)</td>
</tr><tr>
<td>Included groups:</td><td></td>
</tr><tr>
<td>Excluded groups:</td><td></td>
</tr>
</table><p/>
<small><i>(Hover the method name to see the test class name)</i></small><p/>
<table width='100%' border='1' class='invocation-failed'>
<tr><td colspan='4' align='center'><b>FAILED TESTS</b></td></tr>
<tr><td><b>Test method</b></td>
<td width="30%"><b>Exception</b></td>
<td width="10%"><b>Time (seconds)</b></td>
<td><b>Instance</b></td>
</tr>
<tr>
<td title='ca.mss.rd.flow.test.TestSpFlowSkip.WorkflowParallelSkipMiddle()'><b>WorkflowParallelSkipMiddle</b><br>Test class: ca.mss.rd.flow.test.TestSpFlowSkip</td>
<td><div><pre>java.lang.AssertionError: Workflows start 1000 but finish 0? expected [false] but found [true]
	at ca.mss.rd.flow.test.TestBase.checkCreatedVsExecutedStartVsFinish(TestBase.java:154)
	at ca.mss.rd.flow.test.TestBase.checkCreatedVsExecutedStartVsFinish(TestBase.java:117)
	at ca.mss.rd.flow.test.TestSpFlowSkip.WorkflowParallelSkipMiddle(TestSpFlowSkip.java:106)
... Removed 27 stack frames</pre></div><a href='#' onClick='toggleBox("stack-trace1298599723", this, "Click to show all stack frames", "Click to hide stack frames")'>Click to show all stack frames</a>
<div class='stack-trace' id='stack-trace1298599723'><pre>java.lang.AssertionError: Workflows start 1000 but finish 0? expected [false] but found [true]
	at org.testng.Assert.fail(Assert.java:94)
	at org.testng.Assert.failNotEquals(Assert.java:494)
	at org.testng.Assert.assertFalse(Assert.java:63)
	at ca.mss.rd.flow.test.TestBase.checkCreatedVsExecutedStartVsFinish(TestBase.java:154)
	at ca.mss.rd.flow.test.TestBase.checkCreatedVsExecutedStartVsFinish(TestBase.java:117)
	at ca.mss.rd.flow.test.TestSpFlowSkip.WorkflowParallelSkipMiddle(TestSpFlowSkip.java:106)
	at sun.reflect.NativeMethodAccessorImpl.invoke0(Native Method)
	at sun.reflect.NativeMethodAccessorImpl.invoke(Unknown Source)
	at sun.reflect.DelegatingMethodAccessorImpl.invoke(Unknown Source)
	at java.lang.reflect.Method.invoke(Unknown Source)
	at org.testng.internal.MethodInvocationHelper.invokeMethod(MethodInvocationHelper.java:84)
	at org.testng.internal.Invoker.invokeMethod(Invoker.java:714)
	at org.testng.internal.Invoker.invokeTestMethod(Invoker.java:901)
	at org.testng.internal.Invoker.invokeTestMethods(Invoker.java:1231)
	at org.testng.internal.TestMethodWorker.invokeTestMethods(TestMethodWorker.java:127)
	at org.testng.internal.TestMethodWorker.run(TestMethodWorker.java:111)
	at org.testng.TestRunner.privateRun(TestRunner.java:767)
	at org.testng.TestRunner.run(TestRunner.java:617)
	at org.testng.SuiteRunner.runTest(SuiteRunner.java:334)
	at org.testng.SuiteRunner.runSequentially(SuiteRunner.java:329)
	at org.testng.SuiteRunner.privateRun(SuiteRunner.java:291)
	at org.testng.SuiteRunner.run(SuiteRunner.java:240)
	at org.testng.SuiteRunnerWorker.runSuite(SuiteRunnerWorker.java:52)
	at org.testng.SuiteRunnerWorker.run(SuiteRunnerWorker.java:86)
	at org.testng.TestNG.runSuitesSequentially(TestNG.java:1224)
	at org.testng.TestNG.runSuitesLocally(TestNG.java:1149)
	at org.testng.TestNG.run(TestNG.java:1057)
	at org.testng.remote.RemoteTestNG.run(RemoteTestNG.java:111)
	at org.testng.remote.RemoteTestNG.initAndRun(RemoteTestNG.java:204)
	at org.testng.remote.RemoteTestNG.main(RemoteTestNG.java:175)
</pre></div></td>
<td>0</td>
<td>ca.mss.rd.flow.test.TestSpFlowSkip@27c4b997</td></tr>
<tr>
<td title='ca.mss.rd.flow.test.TestSpFlowSkipAndDisabled.WorkflowParallelSkipMiddle()'><b>WorkflowParallelSkipMiddle</b><br>Test class: ca.mss.rd.flow.test.TestSpFlowSkipAndDisabled</td>
<td><div><pre>java.lang.AssertionError: Workflows start 1000 but finish 0? expected [false] but found [true]
	at ca.mss.rd.flow.test.TestBase.checkCreatedVsExecutedStartVsFinish(TestBase.java:154)
	at ca.mss.rd.flow.test.TestBase.checkCreatedVsExecutedStartVsFinish(TestBase.java:117)
	at ca.mss.rd.flow.test.TestSpFlowSkipAndDisabled.WorkflowParallelSkipMiddle(TestSpFlowSkipAndDisabled.java:104)
... Removed 27 stack frames</pre></div><a href='#' onClick='toggleBox("stack-trace535522261", this, "Click to show all stack frames", "Click to hide stack frames")'>Click to show all stack frames</a>
<div class='stack-trace' id='stack-trace535522261'><pre>java.lang.AssertionError: Workflows start 1000 but finish 0? expected [false] but found [true]
	at org.testng.Assert.fail(Assert.java:94)
	at org.testng.Assert.failNotEquals(Assert.java:494)
	at org.testng.Assert.assertFalse(Assert.java:63)
	at ca.mss.rd.flow.test.TestBase.checkCreatedVsExecutedStartVsFinish(TestBase.java:154)
	at ca.mss.rd.flow.test.TestBase.checkCreatedVsExecutedStartVsFinish(TestBase.java:117)
	at ca.mss.rd.flow.test.TestSpFlowSkipAndDisabled.WorkflowParallelSkipMiddle(TestSpFlowSkipAndDisabled.java:104)
	at sun.reflect.NativeMethodAccessorImpl.invoke0(Native Method)
	at sun.reflect.NativeMethodAccessorImpl.invoke(Unknown Source)
	at sun.reflect.DelegatingMethodAccessorImpl.invoke(Unknown Source)
	at java.lang.reflect.Method.invoke(Unknown Source)
	at org.testng.internal.MethodInvocationHelper.invokeMethod(MethodInvocationHelper.java:84)
	at org.testng.internal.Invoker.invokeMethod(Invoker.java:714)
	at org.testng.internal.Invoker.invokeTestMethod(Invoker.java:901)
	at org.testng.internal.Invoker.invokeTestMethods(Invoker.java:1231)
	at org.testng.internal.TestMethodWorker.invokeTestMethods(TestMethodWorker.java:127)
	at org.testng.internal.TestMethodWorker.run(TestMethodWorker.java:111)
	at org.testng.TestRunner.privateRun(TestRunner.java:767)
	at org.testng.TestRunner.run(TestRunner.java:617)
	at org.testng.SuiteRunner.runTest(SuiteRunner.java:334)
	at org.testng.SuiteRunner.runSequentially(SuiteRunner.java:329)
	at org.testng.SuiteRunner.privateRun(SuiteRunner.java:291)
	at org.testng.SuiteRunner.run(SuiteRunner.java:240)
	at org.testng.SuiteRunnerWorker.runSuite(SuiteRunnerWorker.java:52)
	at org.testng.SuiteRunnerWorker.run(SuiteRunnerWorker.java:86)
	at org.testng.TestNG.runSuitesSequentially(TestNG.java:1224)
	at org.testng.TestNG.runSuitesLocally(TestNG.java:1149)
	at org.testng.TestNG.run(TestNG.java:1057)
	at org.testng.remote.RemoteTestNG.run(RemoteTestNG.java:111)
	at org.testng.remote.RemoteTestNG.initAndRun(RemoteTestNG.java:204)
	at org.testng.remote.RemoteTestNG.main(RemoteTestNG.java:175)
</pre></div></td>
<td>0</td>
<td>ca.mss.rd.flow.test.TestSpFlowSkipAndDisabled@51bf2e9a</td></tr>
<tr>
<td title='ca.mss.rd.flow.test.TestSpFlowSkip.WorkflowSequentialSkipMiddle()'><b>WorkflowSequentialSkipMiddle</b><br>Test class: ca.mss.rd.flow.test.TestSpFlowSkip</td>
<td><div><pre>java.lang.AssertionError: Workflows start 1000 but finish 0? expected [false] but found [true]
	at ca.mss.rd.flow.test.TestBase.checkCreatedVsExecutedStartVsFinish(TestBase.java:154)
	at ca.mss.rd.flow.test.TestBase.checkCreatedVsExecutedStartVsFinish(TestBase.java:117)
	at ca.mss.rd.flow.test.TestSpFlowSkip.WorkflowSequentialSkipMiddle(TestSpFlowSkip.java:85)
... Removed 27 stack frames</pre></div><a href='#' onClick='toggleBox("stack-trace1284745043", this, "Click to show all stack frames", "Click to hide stack frames")'>Click to show all stack frames</a>
<div class='stack-trace' id='stack-trace1284745043'><pre>java.lang.AssertionError: Workflows start 1000 but finish 0? expected [false] but found [true]
	at org.testng.Assert.fail(Assert.java:94)
	at org.testng.Assert.failNotEquals(Assert.java:494)
	at org.testng.Assert.assertFalse(Assert.java:63)
	at ca.mss.rd.flow.test.TestBase.checkCreatedVsExecutedStartVsFinish(TestBase.java:154)
	at ca.mss.rd.flow.test.TestBase.checkCreatedVsExecutedStartVsFinish(TestBase.java:117)
	at ca.mss.rd.flow.test.TestSpFlowSkip.WorkflowSequentialSkipMiddle(TestSpFlowSkip.java:85)
	at sun.reflect.NativeMethodAccessorImpl.invoke0(Native Method)
	at sun.reflect.NativeMethodAccessorImpl.invoke(Unknown Source)
	at sun.reflect.DelegatingMethodAccessorImpl.invoke(Unknown Source)
	at java.lang.reflect.Method.invoke(Unknown Source)
	at org.testng.internal.MethodInvocationHelper.invokeMethod(MethodInvocationHelper.java:84)
	at org.testng.internal.Invoker.invokeMethod(Invoker.java:714)
	at org.testng.internal.Invoker.invokeTestMethod(Invoker.java:901)
	at org.testng.internal.Invoker.invokeTestMethods(Invoker.java:1231)
	at org.testng.internal.TestMethodWorker.invokeTestMethods(TestMethodWorker.java:127)
	at org.testng.internal.TestMethodWorker.run(TestMethodWorker.java:111)
	at org.testng.TestRunner.privateRun(TestRunner.java:767)
	at org.testng.TestRunner.run(TestRunner.java:617)
	at org.testng.SuiteRunner.runTest(SuiteRunner.java:334)
	at org.testng.SuiteRunner.runSequentially(SuiteRunner.java:329)
	at org.testng.SuiteRunner.privateRun(SuiteRunner.java:291)
	at org.testng.SuiteRunner.run(SuiteRunner.java:240)
	at org.testng.SuiteRunnerWorker.runSuite(SuiteRunnerWorker.java:52)
	at org.testng.SuiteRunnerWorker.run(SuiteRunnerWorker.java:86)
	at org.testng.TestNG.runSuitesSequentially(TestNG.java:1224)
	at org.testng.TestNG.runSuitesLocally(TestNG.java:1149)
	at org.testng.TestNG.run(TestNG.java:1057)
	at org.testng.remote.RemoteTestNG.run(RemoteTestNG.java:111)
	at org.testng.remote.RemoteTestNG.initAndRun(RemoteTestNG.java:204)
	at org.testng.remote.RemoteTestNG.main(RemoteTestNG.java:175)
</pre></div></td>
<td>0</td>
<td>ca.mss.rd.flow.test.TestSpFlowSkip@27c4b997</td></tr>
<tr>
<td title='ca.mss.rd.flow.test.TestSpFlowSkipAndDisabled.WorkflowSequentialSkipMiddle()'><b>WorkflowSequentialSkipMiddle</b><br>Test class: ca.mss.rd.flow.test.TestSpFlowSkipAndDisabled</td>
<td><div><pre>java.lang.AssertionError: Workflows start 1000 but finish 0? expected [false] but found [true]
	at ca.mss.rd.flow.test.TestBase.checkCreatedVsExecutedStartVsFinish(TestBase.java:154)
	at ca.mss.rd.flow.test.TestBase.checkCreatedVsExecutedStartVsFinish(TestBase.java:117)
	at ca.mss.rd.flow.test.TestSpFlowSkipAndDisabled.WorkflowSequentialSkipMiddle(TestSpFlowSkipAndDisabled.java:85)
... Removed 27 stack frames</pre></div><a href='#' onClick='toggleBox("stack-trace1364869187", this, "Click to show all stack frames", "Click to hide stack frames")'>Click to show all stack frames</a>
<div class='stack-trace' id='stack-trace1364869187'><pre>java.lang.AssertionError: Workflows start 1000 but finish 0? expected [false] but found [true]
	at org.testng.Assert.fail(Assert.java:94)
	at org.testng.Assert.failNotEquals(Assert.java:494)
	at org.testng.Assert.assertFalse(Assert.java:63)
	at ca.mss.rd.flow.test.TestBase.checkCreatedVsExecutedStartVsFinish(TestBase.java:154)
	at ca.mss.rd.flow.test.TestBase.checkCreatedVsExecutedStartVsFinish(TestBase.java:117)
	at ca.mss.rd.flow.test.TestSpFlowSkipAndDisabled.WorkflowSequentialSkipMiddle(TestSpFlowSkipAndDisabled.java:85)
	at sun.reflect.NativeMethodAccessorImpl.invoke0(Native Method)
	at sun.reflect.NativeMethodAccessorImpl.invoke(Unknown Source)
	at sun.reflect.DelegatingMethodAccessorImpl.invoke(Unknown Source)
	at java.lang.reflect.Method.invoke(Unknown Source)
	at org.testng.internal.MethodInvocationHelper.invokeMethod(MethodInvocationHelper.java:84)
	at org.testng.internal.Invoker.invokeMethod(Invoker.java:714)
	at org.testng.internal.Invoker.invokeTestMethod(Invoker.java:901)
	at org.testng.internal.Invoker.invokeTestMethods(Invoker.java:1231)
	at org.testng.internal.TestMethodWorker.invokeTestMethods(TestMethodWorker.java:127)
	at org.testng.internal.TestMethodWorker.run(TestMethodWorker.java:111)
	at org.testng.TestRunner.privateRun(TestRunner.java:767)
	at org.testng.TestRunner.run(TestRunner.java:617)
	at org.testng.SuiteRunner.runTest(SuiteRunner.java:334)
	at org.testng.SuiteRunner.runSequentially(SuiteRunner.java:329)
	at org.testng.SuiteRunner.privateRun(SuiteRunner.java:291)
	at org.testng.SuiteRunner.run(SuiteRunner.java:240)
	at org.testng.SuiteRunnerWorker.runSuite(SuiteRunnerWorker.java:52)
	at org.testng.SuiteRunnerWorker.run(SuiteRunnerWorker.java:86)
	at org.testng.TestNG.runSuitesSequentially(TestNG.java:1224)
	at org.testng.TestNG.runSuitesLocally(TestNG.java:1149)
	at org.testng.TestNG.run(TestNG.java:1057)
	at org.testng.remote.RemoteTestNG.run(RemoteTestNG.java:111)
	at org.testng.remote.RemoteTestNG.initAndRun(RemoteTestNG.java:204)
	at org.testng.remote.RemoteTestNG.main(RemoteTestNG.java:175)
</pre></div></td>
<td>0</td>
<td>ca.mss.rd.flow.test.TestSpFlowSkipAndDisabled@51bf2e9a</td></tr>
<tr>
<td title='ca.mss.rd.flow.test.TestSpFlowSkip.WorkflowSequentialSkipStart()'><b>WorkflowSequentialSkipStart</b><br>Test class: ca.mss.rd.flow.test.TestSpFlowSkip</td>
<td><div><pre>java.lang.AssertionError: Workflows start 1000 but finish 0? expected [false] but found [true]
	at ca.mss.rd.flow.test.TestBase.checkCreatedVsExecutedStartVsFinish(TestBase.java:154)
	at ca.mss.rd.flow.test.TestBase.checkCreatedVsExecutedStartVsFinish(TestBase.java:117)
	at ca.mss.rd.flow.test.TestSpFlowSkip.WorkflowSequentialSkipStart(TestSpFlowSkip.java:65)
... Removed 27 stack frames</pre></div><a href='#' onClick='toggleBox("stack-trace692866133", this, "Click to show all stack frames", "Click to hide stack frames")'>Click to show all stack frames</a>
<div class='stack-trace' id='stack-trace692866133'><pre>java.lang.AssertionError: Workflows start 1000 but finish 0? expected [false] but found [true]
	at org.testng.Assert.fail(Assert.java:94)
	at org.testng.Assert.failNotEquals(Assert.java:494)
	at org.testng.Assert.assertFalse(Assert.java:63)
	at ca.mss.rd.flow.test.TestBase.checkCreatedVsExecutedStartVsFinish(TestBase.java:154)
	at ca.mss.rd.flow.test.TestBase.checkCreatedVsExecutedStartVsFinish(TestBase.java:117)
	at ca.mss.rd.flow.test.TestSpFlowSkip.WorkflowSequentialSkipStart(TestSpFlowSkip.java:65)
	at sun.reflect.NativeMethodAccessorImpl.invoke0(Native Method)
	at sun.reflect.NativeMethodAccessorImpl.invoke(Unknown Source)
	at sun.reflect.DelegatingMethodAccessorImpl.invoke(Unknown Source)
	at java.lang.reflect.Method.invoke(Unknown Source)
	at org.testng.internal.MethodInvocationHelper.invokeMethod(MethodInvocationHelper.java:84)
	at org.testng.internal.Invoker.invokeMethod(Invoker.java:714)
	at org.testng.internal.Invoker.invokeTestMethod(Invoker.java:901)
	at org.testng.internal.Invoker.invokeTestMethods(Invoker.java:1231)
	at org.testng.internal.TestMethodWorker.invokeTestMethods(TestMethodWorker.java:127)
	at org.testng.internal.TestMethodWorker.run(TestMethodWorker.java:111)
	at org.testng.TestRunner.privateRun(TestRunner.java:767)
	at org.testng.TestRunner.run(TestRunner.java:617)
	at org.testng.SuiteRunner.runTest(SuiteRunner.java:334)
	at org.testng.SuiteRunner.runSequentially(SuiteRunner.java:329)
	at org.testng.SuiteRunner.privateRun(SuiteRunner.java:291)
	at org.testng.SuiteRunner.run(SuiteRunner.java:240)
	at org.testng.SuiteRunnerWorker.runSuite(SuiteRunnerWorker.java:52)
	at org.testng.SuiteRunnerWorker.run(SuiteRunnerWorker.java:86)
	at org.testng.TestNG.runSuitesSequentially(TestNG.java:1224)
	at org.testng.TestNG.runSuitesLocally(TestNG.java:1149)
	at org.testng.TestNG.run(TestNG.java:1057)
	at org.testng.remote.RemoteTestNG.run(RemoteTestNG.java:111)
	at org.testng.remote.RemoteTestNG.initAndRun(RemoteTestNG.java:204)
	at org.testng.remote.RemoteTestNG.main(RemoteTestNG.java:175)
</pre></div></td>
<td>0</td>
<td>ca.mss.rd.flow.test.TestSpFlowSkip@27c4b997</td></tr>
<tr>
<td title='ca.mss.rd.flow.test.TestSpFlowSkipAndDisabled.WorkflowSequentialSkipStart()'><b>WorkflowSequentialSkipStart</b><br>Test class: ca.mss.rd.flow.test.TestSpFlowSkipAndDisabled</td>
<td><div><pre>java.lang.AssertionError: Workflows start 1000 but finish 0? expected [false] but found [true]
	at ca.mss.rd.flow.test.TestBase.checkCreatedVsExecutedStartVsFinish(TestBase.java:154)
	at ca.mss.rd.flow.test.TestBase.checkCreatedVsExecutedStartVsFinish(TestBase.java:117)
	at ca.mss.rd.flow.test.TestSpFlowSkipAndDisabled.WorkflowSequentialSkipStart(TestSpFlowSkipAndDisabled.java:65)
... Removed 27 stack frames</pre></div><a href='#' onClick='toggleBox("stack-trace2099021379", this, "Click to show all stack frames", "Click to hide stack frames")'>Click to show all stack frames</a>
<div class='stack-trace' id='stack-trace2099021379'><pre>java.lang.AssertionError: Workflows start 1000 but finish 0? expected [false] but found [true]
	at org.testng.Assert.fail(Assert.java:94)
	at org.testng.Assert.failNotEquals(Assert.java:494)
	at org.testng.Assert.assertFalse(Assert.java:63)
	at ca.mss.rd.flow.test.TestBase.checkCreatedVsExecutedStartVsFinish(TestBase.java:154)
	at ca.mss.rd.flow.test.TestBase.checkCreatedVsExecutedStartVsFinish(TestBase.java:117)
	at ca.mss.rd.flow.test.TestSpFlowSkipAndDisabled.WorkflowSequentialSkipStart(TestSpFlowSkipAndDisabled.java:65)
	at sun.reflect.NativeMethodAccessorImpl.invoke0(Native Method)
	at sun.reflect.NativeMethodAccessorImpl.invoke(Unknown Source)
	at sun.reflect.DelegatingMethodAccessorImpl.invoke(Unknown Source)
	at java.lang.reflect.Method.invoke(Unknown Source)
	at org.testng.internal.MethodInvocationHelper.invokeMethod(MethodInvocationHelper.java:84)
	at org.testng.internal.Invoker.invokeMethod(Invoker.java:714)
	at org.testng.internal.Invoker.invokeTestMethod(Invoker.java:901)
	at org.testng.internal.Invoker.invokeTestMethods(Invoker.java:1231)
	at org.testng.internal.TestMethodWorker.invokeTestMethods(TestMethodWorker.java:127)
	at org.testng.internal.TestMethodWorker.run(TestMethodWorker.java:111)
	at org.testng.TestRunner.privateRun(TestRunner.java:767)
	at org.testng.TestRunner.run(TestRunner.java:617)
	at org.testng.SuiteRunner.runTest(SuiteRunner.java:334)
	at org.testng.SuiteRunner.runSequentially(SuiteRunner.java:329)
	at org.testng.SuiteRunner.privateRun(SuiteRunner.java:291)
	at org.testng.SuiteRunner.run(SuiteRunner.java:240)
	at org.testng.SuiteRunnerWorker.runSuite(SuiteRunnerWorker.java:52)
	at org.testng.SuiteRunnerWorker.run(SuiteRunnerWorker.java:86)
	at org.testng.TestNG.runSuitesSequentially(TestNG.java:1224)
	at org.testng.TestNG.runSuitesLocally(TestNG.java:1149)
	at org.testng.TestNG.run(TestNG.java:1057)
	at org.testng.remote.RemoteTestNG.run(RemoteTestNG.java:111)
	at org.testng.remote.RemoteTestNG.initAndRun(RemoteTestNG.java:204)
	at org.testng.remote.RemoteTestNG.main(RemoteTestNG.java:175)
</pre></div></td>
<td>0</td>
<td>ca.mss.rd.flow.test.TestSpFlowSkipAndDisabled@51bf2e9a</td></tr>
<tr>
<td title='ca.mss.rd.flow.test.TestSpFlowSkip.WorkflowSequentialSkipdEnd()'><b>WorkflowSequentialSkipdEnd</b><br>Test class: ca.mss.rd.flow.test.TestSpFlowSkip</td>
<td><div><pre>java.lang.AssertionError: Workflows start 1000 but finish 0? expected [false] but found [true]
	at ca.mss.rd.flow.test.TestBase.checkCreatedVsExecutedStartVsFinish(TestBase.java:154)
	at ca.mss.rd.flow.test.TestBase.checkCreatedVsExecutedStartVsFinish(TestBase.java:117)
	at ca.mss.rd.flow.test.TestSpFlowSkip.WorkflowSequentialSkipdEnd(TestSpFlowSkip.java:45)
... Removed 27 stack frames</pre></div><a href='#' onClick='toggleBox("stack-trace918833673", this, "Click to show all stack frames", "Click to hide stack frames")'>Click to show all stack frames</a>
<div class='stack-trace' id='stack-trace918833673'><pre>java.lang.AssertionError: Workflows start 1000 but finish 0? expected [false] but found [true]
	at org.testng.Assert.fail(Assert.java:94)
	at org.testng.Assert.failNotEquals(Assert.java:494)
	at org.testng.Assert.assertFalse(Assert.java:63)
	at ca.mss.rd.flow.test.TestBase.checkCreatedVsExecutedStartVsFinish(TestBase.java:154)
	at ca.mss.rd.flow.test.TestBase.checkCreatedVsExecutedStartVsFinish(TestBase.java:117)
	at ca.mss.rd.flow.test.TestSpFlowSkip.WorkflowSequentialSkipdEnd(TestSpFlowSkip.java:45)
	at sun.reflect.NativeMethodAccessorImpl.invoke0(Native Method)
	at sun.reflect.NativeMethodAccessorImpl.invoke(Unknown Source)
	at sun.reflect.DelegatingMethodAccessorImpl.invoke(Unknown Source)
	at java.lang.reflect.Method.invoke(Unknown Source)
	at org.testng.internal.MethodInvocationHelper.invokeMethod(MethodInvocationHelper.java:84)
	at org.testng.internal.Invoker.invokeMethod(Invoker.java:714)
	at org.testng.internal.Invoker.invokeTestMethod(Invoker.java:901)
	at org.testng.internal.Invoker.invokeTestMethods(Invoker.java:1231)
	at org.testng.internal.TestMethodWorker.invokeTestMethods(TestMethodWorker.java:127)
	at org.testng.internal.TestMethodWorker.run(TestMethodWorker.java:111)
	at org.testng.TestRunner.privateRun(TestRunner.java:767)
	at org.testng.TestRunner.run(TestRunner.java:617)
	at org.testng.SuiteRunner.runTest(SuiteRunner.java:334)
	at org.testng.SuiteRunner.runSequentially(SuiteRunner.java:329)
	at org.testng.SuiteRunner.privateRun(SuiteRunner.java:291)
	at org.testng.SuiteRunner.run(SuiteRunner.java:240)
	at org.testng.SuiteRunnerWorker.runSuite(SuiteRunnerWorker.java:52)
	at org.testng.SuiteRunnerWorker.run(SuiteRunnerWorker.java:86)
	at org.testng.TestNG.runSuitesSequentially(TestNG.java:1224)
	at org.testng.TestNG.runSuitesLocally(TestNG.java:1149)
	at org.testng.TestNG.run(TestNG.java:1057)
	at org.testng.remote.RemoteTestNG.run(RemoteTestNG.java:111)
	at org.testng.remote.RemoteTestNG.initAndRun(RemoteTestNG.java:204)
	at org.testng.remote.RemoteTestNG.main(RemoteTestNG.java:175)
</pre></div></td>
<td>0</td>
<td>ca.mss.rd.flow.test.TestSpFlowSkip@27c4b997</td></tr>
<tr>
<td title='ca.mss.rd.flow.test.TestSpFlowSkipAndDisabled.WorkflowSequentialSkipdEnd()'><b>WorkflowSequentialSkipdEnd</b><br>Test class: ca.mss.rd.flow.test.TestSpFlowSkipAndDisabled</td>
<td><div><pre>java.lang.AssertionError: Workflows start 1000 but finish 0? expected [false] but found [true]
	at ca.mss.rd.flow.test.TestBase.checkCreatedVsExecutedStartVsFinish(TestBase.java:154)
	at ca.mss.rd.flow.test.TestBase.checkCreatedVsExecutedStartVsFinish(TestBase.java:117)
	at ca.mss.rd.flow.test.TestSpFlowSkipAndDisabled.WorkflowSequentialSkipdEnd(TestSpFlowSkipAndDisabled.java:45)
... Removed 27 stack frames</pre></div><a href='#' onClick='toggleBox("stack-trace1164214587", this, "Click to show all stack frames", "Click to hide stack frames")'>Click to show all stack frames</a>
<div class='stack-trace' id='stack-trace1164214587'><pre>java.lang.AssertionError: Workflows start 1000 but finish 0? expected [false] but found [true]
	at org.testng.Assert.fail(Assert.java:94)
	at org.testng.Assert.failNotEquals(Assert.java:494)
	at org.testng.Assert.assertFalse(Assert.java:63)
	at ca.mss.rd.flow.test.TestBase.checkCreatedVsExecutedStartVsFinish(TestBase.java:154)
	at ca.mss.rd.flow.test.TestBase.checkCreatedVsExecutedStartVsFinish(TestBase.java:117)
	at ca.mss.rd.flow.test.TestSpFlowSkipAndDisabled.WorkflowSequentialSkipdEnd(TestSpFlowSkipAndDisabled.java:45)
	at sun.reflect.NativeMethodAccessorImpl.invoke0(Native Method)
	at sun.reflect.NativeMethodAccessorImpl.invoke(Unknown Source)
	at sun.reflect.DelegatingMethodAccessorImpl.invoke(Unknown Source)
	at java.lang.reflect.Method.invoke(Unknown Source)
	at org.testng.internal.MethodInvocationHelper.invokeMethod(MethodInvocationHelper.java:84)
	at org.testng.internal.Invoker.invokeMethod(Invoker.java:714)
	at org.testng.internal.Invoker.invokeTestMethod(Invoker.java:901)
	at org.testng.internal.Invoker.invokeTestMethods(Invoker.java:1231)
	at org.testng.internal.TestMethodWorker.invokeTestMethods(TestMethodWorker.java:127)
	at org.testng.internal.TestMethodWorker.run(TestMethodWorker.java:111)
	at org.testng.TestRunner.privateRun(TestRunner.java:767)
	at org.testng.TestRunner.run(TestRunner.java:617)
	at org.testng.SuiteRunner.runTest(SuiteRunner.java:334)
	at org.testng.SuiteRunner.runSequentially(SuiteRunner.java:329)
	at org.testng.SuiteRunner.privateRun(SuiteRunner.java:291)
	at org.testng.SuiteRunner.run(SuiteRunner.java:240)
	at org.testng.SuiteRunnerWorker.runSuite(SuiteRunnerWorker.java:52)
	at org.testng.SuiteRunnerWorker.run(SuiteRunnerWorker.java:86)
	at org.testng.TestNG.runSuitesSequentially(TestNG.java:1224)
	at org.testng.TestNG.runSuitesLocally(TestNG.java:1149)
	at org.testng.TestNG.run(TestNG.java:1057)
	at org.testng.remote.RemoteTestNG.run(RemoteTestNG.java:111)
	at org.testng.remote.RemoteTestNG.initAndRun(RemoteTestNG.java:204)
	at org.testng.remote.RemoteTestNG.main(RemoteTestNG.java:175)
</pre></div></td>
<td>0</td>
<td>ca.mss.rd.flow.test.TestSpFlowSkipAndDisabled@51bf2e9a</td></tr>
<tr>
<td title='ca.mss.rd.flow.test.TestSpFlow.testExternal()'><b>testExternal</b><br>Test class: ca.mss.rd.flow.test.TestSpFlow</td>
<td><div><pre>java.lang.AssertionError: There 31000 jobs created (W=2000,A=8000/0,T=21000) but 23000 executed? expected [false] but found [true]
	at ca.mss.rd.flow.test.TestBase.checkCreatedVsExecutedStartVsFinish(TestBase.java:146)
	at ca.mss.rd.flow.test.TestSpFlow.testExternal(TestSpFlow.java:56)
... Removed 27 stack frames</pre></div><a href='#' onClick='toggleBox("stack-trace790299575", this, "Click to show all stack frames", "Click to hide stack frames")'>Click to show all stack frames</a>
<div class='stack-trace' id='stack-trace790299575'><pre>java.lang.AssertionError: There 31000 jobs created (W=2000,A=8000/0,T=21000) but 23000 executed? expected [false] but found [true]
	at org.testng.Assert.fail(Assert.java:94)
	at org.testng.Assert.failNotEquals(Assert.java:494)
	at org.testng.Assert.assertFalse(Assert.java:63)
	at ca.mss.rd.flow.test.TestBase.checkCreatedVsExecutedStartVsFinish(TestBase.java:146)
	at ca.mss.rd.flow.test.TestSpFlow.testExternal(TestSpFlow.java:56)
	at sun.reflect.NativeMethodAccessorImpl.invoke0(Native Method)
	at sun.reflect.NativeMethodAccessorImpl.invoke(Unknown Source)
	at sun.reflect.DelegatingMethodAccessorImpl.invoke(Unknown Source)
	at java.lang.reflect.Method.invoke(Unknown Source)
	at org.testng.internal.MethodInvocationHelper.invokeMethod(MethodInvocationHelper.java:84)
	at org.testng.internal.Invoker.invokeMethod(Invoker.java:714)
	at org.testng.internal.Invoker.invokeTestMethod(Invoker.java:901)
	at org.testng.internal.Invoker.invokeTestMethods(Invoker.java:1231)
	at org.testng.internal.TestMethodWorker.invokeTestMethods(TestMethodWorker.java:127)
	at org.testng.internal.TestMethodWorker.run(TestMethodWorker.java:111)
	at org.testng.TestRunner.privateRun(TestRunner.java:767)
	at org.testng.TestRunner.run(TestRunner.java:617)
	at org.testng.SuiteRunner.runTest(SuiteRunner.java:334)
	at org.testng.SuiteRunner.runSequentially(SuiteRunner.java:329)
	at org.testng.SuiteRunner.privateRun(SuiteRunner.java:291)
	at org.testng.SuiteRunner.run(SuiteRunner.java:240)
	at org.testng.SuiteRunnerWorker.runSuite(SuiteRunnerWorker.java:52)
	at org.testng.SuiteRunnerWorker.run(SuiteRunnerWorker.java:86)
	at org.testng.TestNG.runSuitesSequentially(TestNG.java:1224)
	at org.testng.TestNG.runSuitesLocally(TestNG.java:1149)
	at org.testng.TestNG.run(TestNG.java:1057)
	at org.testng.remote.RemoteTestNG.run(RemoteTestNG.java:111)
	at org.testng.remote.RemoteTestNG.initAndRun(RemoteTestNG.java:204)
	at org.testng.remote.RemoteTestNG.main(RemoteTestNG.java:175)
</pre></div></td>
<td>0</td>
<td>ca.mss.rd.flow.test.TestSpFlow@5111778a</td></tr>
<tr>
<td title='ca.mss.rd.flow.test.TestSpFlow.testMix()'><b>testMix</b><br>Test class: ca.mss.rd.flow.test.TestSpFlow</td>
<td><div><pre>java.lang.AssertionError: Workflows start 1000 but finish 0? expected [false] but found [true]
	at ca.mss.rd.flow.test.TestBase.checkCreatedVsExecutedStartVsFinish(TestBase.java:154)
	at ca.mss.rd.flow.test.TestSpFlow.testMix(TestSpFlow.java:119)
... Removed 27 stack frames</pre></div><a href='#' onClick='toggleBox("stack-trace896693169", this, "Click to show all stack frames", "Click to hide stack frames")'>Click to show all stack frames</a>
<div class='stack-trace' id='stack-trace896693169'><pre>java.lang.AssertionError: Workflows start 1000 but finish 0? expected [false] but found [true]
	at org.testng.Assert.fail(Assert.java:94)
	at org.testng.Assert.failNotEquals(Assert.java:494)
	at org.testng.Assert.assertFalse(Assert.java:63)
	at ca.mss.rd.flow.test.TestBase.checkCreatedVsExecutedStartVsFinish(TestBase.java:154)
	at ca.mss.rd.flow.test.TestSpFlow.testMix(TestSpFlow.java:119)
	at sun.reflect.NativeMethodAccessorImpl.invoke0(Native Method)
	at sun.reflect.NativeMethodAccessorImpl.invoke(Unknown Source)
	at sun.reflect.DelegatingMethodAccessorImpl.invoke(Unknown Source)
	at java.lang.reflect.Method.invoke(Unknown Source)
	at org.testng.internal.MethodInvocationHelper.invokeMethod(MethodInvocationHelper.java:84)
	at org.testng.internal.Invoker.invokeMethod(Invoker.java:714)
	at org.testng.internal.Invoker.invokeTestMethod(Invoker.java:901)
	at org.testng.internal.Invoker.invokeTestMethods(Invoker.java:1231)
	at org.testng.internal.TestMethodWorker.invokeTestMethods(TestMethodWorker.java:127)
	at org.testng.internal.TestMethodWorker.run(TestMethodWorker.java:111)
	at org.testng.TestRunner.privateRun(TestRunner.java:767)
	at org.testng.TestRunner.run(TestRunner.java:617)
	at org.testng.SuiteRunner.runTest(SuiteRunner.java:334)
	at org.testng.SuiteRunner.runSequentially(SuiteRunner.java:329)
	at org.testng.SuiteRunner.privateRun(SuiteRunner.java:291)
	at org.testng.SuiteRunner.run(SuiteRunner.java:240)
	at org.testng.SuiteRunnerWorker.runSuite(SuiteRunnerWorker.java:52)
	at org.testng.SuiteRunnerWorker.run(SuiteRunnerWorker.java:86)
	at org.testng.TestNG.runSuitesSequentially(TestNG.java:1224)
	at org.testng.TestNG.runSuitesLocally(TestNG.java:1149)
	at org.testng.TestNG.run(TestNG.java:1057)
	at org.testng.remote.RemoteTestNG.run(RemoteTestNG.java:111)
	at org.testng.remote.RemoteTestNG.initAndRun(RemoteTestNG.java:204)
	at org.testng.remote.RemoteTestNG.main(RemoteTestNG.java:175)
</pre></div></td>
<td>0</td>
<td>ca.mss.rd.flow.test.TestSpFlow@5111778a</td></tr>
<tr>
<td title='ca.mss.rd.flow.test.TestSpFlow.testParallel()'><b>testParallel</b><br>Test class: ca.mss.rd.flow.test.TestSpFlow</td>
<td><div><pre>java.lang.AssertionError: There 21000 jobs created (W=1000,A=5000/0,T=15000) but 20969 executed? expected [false] but found [true]
	at ca.mss.rd.flow.test.TestBase.checkCreatedVsExecutedStartVsFinish(TestBase.java:146)
	at ca.mss.rd.flow.test.TestSpFlow.testParallel(TestSpFlow.java:97)
... Removed 27 stack frames</pre></div><a href='#' onClick='toggleBox("stack-trace1230404080", this, "Click to show all stack frames", "Click to hide stack frames")'>Click to show all stack frames</a>
<div class='stack-trace' id='stack-trace1230404080'><pre>java.lang.AssertionError: There 21000 jobs created (W=1000,A=5000/0,T=15000) but 20969 executed? expected [false] but found [true]
	at org.testng.Assert.fail(Assert.java:94)
	at org.testng.Assert.failNotEquals(Assert.java:494)
	at org.testng.Assert.assertFalse(Assert.java:63)
	at ca.mss.rd.flow.test.TestBase.checkCreatedVsExecutedStartVsFinish(TestBase.java:146)
	at ca.mss.rd.flow.test.TestSpFlow.testParallel(TestSpFlow.java:97)
	at sun.reflect.NativeMethodAccessorImpl.invoke0(Native Method)
	at sun.reflect.NativeMethodAccessorImpl.invoke(Unknown Source)
	at sun.reflect.DelegatingMethodAccessorImpl.invoke(Unknown Source)
	at java.lang.reflect.Method.invoke(Unknown Source)
	at org.testng.internal.MethodInvocationHelper.invokeMethod(MethodInvocationHelper.java:84)
	at org.testng.internal.Invoker.invokeMethod(Invoker.java:714)
	at org.testng.internal.Invoker.invokeTestMethod(Invoker.java:901)
	at org.testng.internal.Invoker.invokeTestMethods(Invoker.java:1231)
	at org.testng.internal.TestMethodWorker.invokeTestMethods(TestMethodWorker.java:127)
	at org.testng.internal.TestMethodWorker.run(TestMethodWorker.java:111)
	at org.testng.TestRunner.privateRun(TestRunner.java:767)
	at org.testng.TestRunner.run(TestRunner.java:617)
	at org.testng.SuiteRunner.runTest(SuiteRunner.java:334)
	at org.testng.SuiteRunner.runSequentially(SuiteRunner.java:329)
	at org.testng.SuiteRunner.privateRun(SuiteRunner.java:291)
	at org.testng.SuiteRunner.run(SuiteRunner.java:240)
	at org.testng.SuiteRunnerWorker.runSuite(SuiteRunnerWorker.java:52)
	at org.testng.SuiteRunnerWorker.run(SuiteRunnerWorker.java:86)
	at org.testng.TestNG.runSuitesSequentially(TestNG.java:1224)
	at org.testng.TestNG.runSuitesLocally(TestNG.java:1149)
	at org.testng.TestNG.run(TestNG.java:1057)
	at org.testng.remote.RemoteTestNG.run(RemoteTestNG.java:111)
	at org.testng.remote.RemoteTestNG.initAndRun(RemoteTestNG.java:204)
	at org.testng.remote.RemoteTestNG.main(RemoteTestNG.java:175)
</pre></div></td>
<td>0</td>
<td>ca.mss.rd.flow.test.TestSpFlow@5111778a</td></tr>
<tr>
<td title='ca.mss.rd.flow.test.TestSpFlow.testSequential()'><b>testSequential</b><br>Test class: ca.mss.rd.flow.test.TestSpFlow</td>
<td><div><pre>java.lang.AssertionError: Workflows start 1000 but finish 0? expected [false] but found [true]
	at ca.mss.rd.flow.test.TestBase.checkCreatedVsExecutedStartVsFinish(TestBase.java:154)
	at ca.mss.rd.flow.test.TestSpFlow.testSequential(TestSpFlow.java:77)
... Removed 27 stack frames</pre></div><a href='#' onClick='toggleBox("stack-trace1530317776", this, "Click to show all stack frames", "Click to hide stack frames")'>Click to show all stack frames</a>
<div class='stack-trace' id='stack-trace1530317776'><pre>java.lang.AssertionError: Workflows start 1000 but finish 0? expected [false] but found [true]
	at org.testng.Assert.fail(Assert.java:94)
	at org.testng.Assert.failNotEquals(Assert.java:494)
	at org.testng.Assert.assertFalse(Assert.java:63)
	at ca.mss.rd.flow.test.TestBase.checkCreatedVsExecutedStartVsFinish(TestBase.java:154)
	at ca.mss.rd.flow.test.TestSpFlow.testSequential(TestSpFlow.java:77)
	at sun.reflect.NativeMethodAccessorImpl.invoke0(Native Method)
	at sun.reflect.NativeMethodAccessorImpl.invoke(Unknown Source)
	at sun.reflect.DelegatingMethodAccessorImpl.invoke(Unknown Source)
	at java.lang.reflect.Method.invoke(Unknown Source)
	at org.testng.internal.MethodInvocationHelper.invokeMethod(MethodInvocationHelper.java:84)
	at org.testng.internal.Invoker.invokeMethod(Invoker.java:714)
	at org.testng.internal.Invoker.invokeTestMethod(Invoker.java:901)
	at org.testng.internal.Invoker.invokeTestMethods(Invoker.java:1231)
	at org.testng.internal.TestMethodWorker.invokeTestMethods(TestMethodWorker.java:127)
	at org.testng.internal.TestMethodWorker.run(TestMethodWorker.java:111)
	at org.testng.TestRunner.privateRun(TestRunner.java:767)
	at org.testng.TestRunner.run(TestRunner.java:617)
	at org.testng.SuiteRunner.runTest(SuiteRunner.java:334)
	at org.testng.SuiteRunner.runSequentially(SuiteRunner.java:329)
	at org.testng.SuiteRunner.privateRun(SuiteRunner.java:291)
	at org.testng.SuiteRunner.run(SuiteRunner.java:240)
	at org.testng.SuiteRunnerWorker.runSuite(SuiteRunnerWorker.java:52)
	at org.testng.SuiteRunnerWorker.run(SuiteRunnerWorker.java:86)
	at org.testng.TestNG.runSuitesSequentially(TestNG.java:1224)
	at org.testng.TestNG.runSuitesLocally(TestNG.java:1149)
	at org.testng.TestNG.run(TestNG.java:1057)
	at org.testng.remote.RemoteTestNG.run(RemoteTestNG.java:111)
	at org.testng.remote.RemoteTestNG.initAndRun(RemoteTestNG.java:204)
	at org.testng.remote.RemoteTestNG.main(RemoteTestNG.java:175)
</pre></div></td>
<td>0</td>
<td>ca.mss.rd.flow.test.TestSpFlow@5111778a</td></tr>
<tr>
<td title='ca.mss.rd.flow.test.TestSpFlow.testSuperMix()'><b>testSuperMix</b><br>Test class: ca.mss.rd.flow.test.TestSpFlow</td>
<td><div><pre>java.lang.AssertionError: Workflows start 1000 but finish 0? expected [false] but found [true]
	at ca.mss.rd.flow.test.TestBase.checkCreatedVsExecutedStartVsFinish(TestBase.java:154)
	at ca.mss.rd.flow.test.TestSpFlow.testSuperMix(TestSpFlow.java:145)
... Removed 27 stack frames</pre></div><a href='#' onClick='toggleBox("stack-trace1630298193", this, "Click to show all stack frames", "Click to hide stack frames")'>Click to show all stack frames</a>
<div class='stack-trace' id='stack-trace1630298193'><pre>java.lang.AssertionError: Workflows start 1000 but finish 0? expected [false] but found [true]
	at org.testng.Assert.fail(Assert.java:94)
	at org.testng.Assert.failNotEquals(Assert.java:494)
	at org.testng.Assert.assertFalse(Assert.java:63)
	at ca.mss.rd.flow.test.TestBase.checkCreatedVsExecutedStartVsFinish(TestBase.java:154)
	at ca.mss.rd.flow.test.TestSpFlow.testSuperMix(TestSpFlow.java:145)
	at sun.reflect.NativeMethodAccessorImpl.invoke0(Native Method)
	at sun.reflect.NativeMethodAccessorImpl.invoke(Unknown Source)
	at sun.reflect.DelegatingMethodAccessorImpl.invoke(Unknown Source)
	at java.lang.reflect.Method.invoke(Unknown Source)
	at org.testng.internal.MethodInvocationHelper.invokeMethod(MethodInvocationHelper.java:84)
	at org.testng.internal.Invoker.invokeMethod(Invoker.java:714)
	at org.testng.internal.Invoker.invokeTestMethod(Invoker.java:901)
	at org.testng.internal.Invoker.invokeTestMethods(Invoker.java:1231)
	at org.testng.internal.TestMethodWorker.invokeTestMethods(TestMethodWorker.java:127)
	at org.testng.internal.TestMethodWorker.run(TestMethodWorker.java:111)
	at org.testng.TestRunner.privateRun(TestRunner.java:767)
	at org.testng.TestRunner.run(TestRunner.java:617)
	at org.testng.SuiteRunner.runTest(SuiteRunner.java:334)
	at org.testng.SuiteRunner.runSequentially(SuiteRunner.java:329)
	at org.testng.SuiteRunner.privateRun(SuiteRunner.java:291)
	at org.testng.SuiteRunner.run(SuiteRunner.java:240)
	at org.testng.SuiteRunnerWorker.runSuite(SuiteRunnerWorker.java:52)
	at org.testng.SuiteRunnerWorker.run(SuiteRunnerWorker.java:86)
	at org.testng.TestNG.runSuitesSequentially(TestNG.java:1224)
	at org.testng.TestNG.runSuitesLocally(TestNG.java:1149)
	at org.testng.TestNG.run(TestNG.java:1057)
	at org.testng.remote.RemoteTestNG.run(RemoteTestNG.java:111)
	at org.testng.remote.RemoteTestNG.initAndRun(RemoteTestNG.java:204)
	at org.testng.remote.RemoteTestNG.main(RemoteTestNG.java:175)
</pre></div></td>
<td>0</td>
<td>ca.mss.rd.flow.test.TestSpFlow@5111778a</td></tr>
</table><p>
</body>
</html>