<?xml version="1.0" encoding="UTF-8"?>
<!-- Generated by org.testng.reporters.JUnitXMLReporter -->
<testsuite hostname="lapmss" name="WkfSequentialParallel" tests="21" failures="0" timestamp="4 Mar 2015 13:28:56 GMT" time="2.487" errors="0">
  <testcase name="testExternal" time="0.125" classname="ca.mss.rd.flow.test.TestSpFlow"/>
  <testcase name="testMix" time="0.125" classname="ca.mss.rd.flow.test.TestSpFlow"/>
  <testcase name="testParallel" time="0.111" classname="ca.mss.rd.flow.test.TestSpFlow"/>
  <testcase name="testSequential" time="0.109" classname="ca.mss.rd.flow.test.TestSpFlow"/>
  <testcase name="testSuperMix" time="0.125" classname="ca.mss.rd.flow.test.TestSpFlow"/>
  <testcase name="WorkflowParallelSkipMiddle" time="0.125" classname="ca.mss.rd.flow.test.TestSpFlowSkip"/>
  <testcase name="WorkflowSequentialSkipMiddle" time="0.109" classname="ca.mss.rd.flow.test.TestSpFlowSkip"/>
  <testcase name="WorkflowSequentialSkipStart" time="0.11" classname="ca.mss.rd.flow.test.TestSpFlowSkip"/>
  <testcase name="WorkflowSequentialSkipdEnd" time="0.109" classname="ca.mss.rd.flow.test.TestSpFlowSkip"/>
  <testcase name="WorkflowParallelSkipMiddle" time="0.125" classname="ca.mss.rd.flow.test.TestSpFlowSkipAndDisabled"/>
  <testcase name="WorkflowSequentialSkipMiddle" time="0.11" classname="ca.mss.rd.flow.test.TestSpFlowSkipAndDisabled"/>
  <testcase name="WorkflowSequentialSkipStart" time="0.11" classname="ca.mss.rd.flow.test.TestSpFlowSkipAndDisabled"/>
  <testcase name="WorkflowSequentialSkipdEnd" time="0.109" classname="ca.mss.rd.flow.test.TestSpFlowSkipAndDisabled"/>
  <testcase name="WorkflowParallelFailNoRetryMiddle" time="0.141" classname="ca.mss.rd.flow.test.TestSpFlowFailNoRetry"/>
  <testcase name="WorkflowSequentialFailNoRetryMiddle" time="0.125" classname="ca.mss.rd.flow.test.TestSpFlowFailNoRetry"/>
  <testcase name="WorkflowSequentialFailNoRetryStart" time="0.125" classname="ca.mss.rd.flow.test.TestSpFlowFailNoRetry"/>
  <testcase name="WorkflowSequentialFailNoRetrydEnd" time="0.125" classname="ca.mss.rd.flow.test.TestSpFlowFailNoRetry"/>
  <testcase name="WorkflowParallelFailNoRetryMiddle" time="0.125" classname="ca.mss.rd.flow.test.TestSpFlowFailAndRetry"/>
  <testcase name="WorkflowSequentialFailNoRetryMiddle" time="0.109" classname="ca.mss.rd.flow.test.TestSpFlowFailAndRetry"/>
  <testcase name="WorkflowSequentialFailNoRetryStart" time="0.11" classname="ca.mss.rd.flow.test.TestSpFlowFailAndRetry"/>
  <testcase name="WorkflowSequentialFailNoRetrydEnd" time="0.11" classname="ca.mss.rd.flow.test.TestSpFlowFailAndRetry"/>
</testsuite> <!-- WkfSequentialParallel -->
