<?xml version="1.0" encoding="UTF-8"?>
<testng-results skipped="0" failed="0" total="1" passed="1">
  <reporter-output>
  </reporter-output>
  <suite name="Default suite" duration-ms="3927" started-at="2015-06-03T22:08:25Z" finished-at="2015-06-03T22:08:29Z">
    <groups>
    </groups>
    <test name="Default test" duration-ms="3927" started-at="2015-06-03T22:08:25Z" finished-at="2015-06-03T22:08:29Z">
      <class name="ng.ca.mss.rd.trader.TestTraderSignals">
        <test-method status="PASS" signature="beforeTest()[pri:0, instance:ng.ca.mss.rd.trader.TestTraderSignals@30c7da1e]" name="beforeTest" is-config="true" duration-ms="47" started-at="2015-06-03T18:08:25Z" finished-at="2015-06-03T18:08:25Z">
          <reporter-output>
          </reporter-output>
        </test-method> <!-- beforeTest -->
        <test-method status="PASS" signature="backtest()[pri:0, instance:ng.ca.mss.rd.trader.TestTraderSignals@30c7da1e]" name="backtest" duration-ms="1423" started-at="2015-06-03T18:08:25Z" finished-at="2015-06-03T18:08:26Z">
          <reporter-output>
          </reporter-output>
        </test-method> <!-- backtest -->
        <test-method status="PASS" signature="afterTest()[pri:0, instance:ng.ca.mss.rd.trader.TestTraderSignals@30c7da1e]" name="afterTest" is-config="true" duration-ms="2457" started-at="2015-06-03T18:08:26Z" finished-at="2015-06-03T18:08:29Z">
          <reporter-output>
          </reporter-output>
        </test-method> <!-- afterTest -->
      </class> <!-- ng.ca.mss.rd.trader.TestTraderSignals -->
    </test> <!-- Default test -->
  </suite> <!-- Default suite -->
</testng-results>
