<?xml version="1.0" encoding="UTF-8"?>
<!-- Generated by org.testng.reporters.JUnitReportReporter -->
<testsuite hostname="lapmss" name="ca.mss.rd.flow.test.TestSpFlowSkipAndDisabled" tests="4" failures="0" timestamp="21 Apr 2015 12:54:33 GMT" time="0.578" errors="0">
  <testcase name="WorkflowSequentialSkipMiddle" time="0.141" classname="ca.mss.rd.flow.test.TestSpFlowSkipAndDisabled"/>
  <testcase name="WorkflowSequentialSkipStart" time="0.125" classname="ca.mss.rd.flow.test.TestSpFlowSkipAndDisabled"/>
  <testcase name="WorkflowSequentialSkipdEnd" time="0.109" classname="ca.mss.rd.flow.test.TestSpFlowSkipAndDisabled"/>
  <testcase name="WorkflowParallelSkipMiddle" time="0.203" classname="ca.mss.rd.flow.test.TestSpFlowSkipAndDisabled"/>
</testsuite> <!-- ca.mss.rd.flow.test.TestSpFlowSkipAndDisabled -->
