<?xml version="1.0" encoding="UTF-8"?>
<!-- Generated by org.testng.reporters.JUnitReportReporter -->
<testsuite hostname="lapmss" name="ca.mss.rd.flow.test.TestSpFlowFailNoRetry" tests="4" failures="0" timestamp="4 Mar 2015 13:28:56 GMT" time="0.516" errors="0">
  <testcase name="WorkflowSequentialFailNoRetryMiddle" time="0.125" classname="ca.mss.rd.flow.test.TestSpFlowFailNoRetry"/>
  <testcase name="WorkflowParallelFailNoRetryMiddle" time="0.141" classname="ca.mss.rd.flow.test.TestSpFlowFailNoRetry"/>
  <testcase name="WorkflowSequentialFailNoRetrydEnd" time="0.125" classname="ca.mss.rd.flow.test.TestSpFlowFailNoRetry"/>
  <testcase name="WorkflowSequentialFailNoRetryStart" time="0.125" classname="ca.mss.rd.flow.test.TestSpFlowFailNoRetry"/>
</testsuite> <!-- ca.mss.rd.flow.test.TestSpFlowFailNoRetry -->
