<?xml version="1.0" encoding="UTF-8"?>
<!-- Generated by org.testng.reporters.JUnitReportReporter -->
<testsuite hostname="lapmss" name="ca.mss.rd.flow.test.TestSpFlow" tests="10" failures="0" timestamp="4 Mar 2015 13:28:56 GMT" time="1.298" errors="0">
  <testcase name="testExternal" time="0.172" classname="ca.mss.rd.flow.test.TestSpFlow"/>
  <testcase name="testMix" time="0.156" classname="ca.mss.rd.flow.test.TestSpFlow"/>
  <testcase name="testSuperMix" time="0.125" classname="ca.mss.rd.flow.test.TestSpFlow"/>
  <testcase name="testExternal" time="0.125" classname="ca.mss.rd.flow.test.TestSpFlow"/>
  <testcase name="testSuperMix" time="0.125" classname="ca.mss.rd.flow.test.TestSpFlow"/>
  <testcase name="testParallel" time="0.125" classname="ca.mss.rd.flow.test.TestSpFlow"/>
  <testcase name="testMix" time="0.125" classname="ca.mss.rd.flow.test.TestSpFlow"/>
  <testcase name="testSequential" time="0.109" classname="ca.mss.rd.flow.test.TestSpFlow"/>
  <testcase name="testParallel" time="0.111" classname="ca.mss.rd.flow.test.TestSpFlow"/>
  <testcase name="testSequential" time="0.125" classname="ca.mss.rd.flow.test.TestSpFlow"/>
</testsuite> <!-- ca.mss.rd.flow.test.TestSpFlow -->
