<?xml version="1.0" encoding="UTF-8"?>
<!-- Generated by org.testng.reporters.JUnitReportReporter -->
<testsuite hostname="lapmss" name="ca.mss.rd.flow.test.TestSpFlowFailAndRetry" tests="4" failures="0" timestamp="4 Mar 2015 13:28:56 GMT" time="0.454" errors="0">
  <testcase name="WorkflowSequentialFailNoRetrydEnd" time="0.110" classname="ca.mss.rd.flow.test.TestSpFlowFailAndRetry"/>
  <testcase name="WorkflowSequentialFailNoRetryStart" time="0.110" classname="ca.mss.rd.flow.test.TestSpFlowFailAndRetry"/>
  <testcase name="WorkflowParallelFailNoRetryMiddle" time="0.125" classname="ca.mss.rd.flow.test.TestSpFlowFailAndRetry"/>
  <testcase name="WorkflowSequentialFailNoRetryMiddle" time="0.109" classname="ca.mss.rd.flow.test.TestSpFlowFailAndRetry"/>
</testsuite> <!-- ca.mss.rd.flow.test.TestSpFlowFailAndRetry -->
