<?xml version="1.0" encoding="UTF-8"?>
<!-- Generated by org.testng.reporters.JUnitReportReporter -->
<testsuite hostname="lapmss" name="ca.mss.rd.flow.test.TestSpFlowSkip" tests="4" failures="0" timestamp="4 Mar 2015 13:28:56 GMT" time="0.453" errors="0">
  <testcase name="WorkflowSequentialSkipMiddle" time="0.109" classname="ca.mss.rd.flow.test.TestSpFlowSkip"/>
  <testcase name="WorkflowSequentialSkipStart" time="0.110" classname="ca.mss.rd.flow.test.TestSpFlowSkip"/>
  <testcase name="WorkflowSequentialSkipdEnd" time="0.109" classname="ca.mss.rd.flow.test.TestSpFlowSkip"/>
  <testcase name="WorkflowParallelSkipMiddle" time="0.125" classname="ca.mss.rd.flow.test.TestSpFlowSkip"/>
</testsuite> <!-- ca.mss.rd.flow.test.TestSpFlowSkip -->
