<?xml version="1.0" encoding="UTF-8"?>
<!-- Generated by org.testng.reporters.JUnitReportReporter -->
<testsuite hostname="lapmss" name="ca.mss.rd.flow.test.TestSpFlowEnableDisableFailRetry" tests="3" failures="0" timestamp="6 Feb 2015 02:20:41 GMT" time="0.000" errors="0">
  <testcase name="testSequentialDisabledEnd" time="0.000" classname="ca.mss.rd.flow.test.TestSpFlowEnableDisableFailRetry"/>
  <testcase name="testSequentialDisableStart" time="0.000" classname="ca.mss.rd.flow.test.TestSpFlowEnableDisableFailRetry"/>
  <testcase name="testSequentialDisableMiddle" time="0.000" classname="ca.mss.rd.flow.test.TestSpFlowEnableDisableFailRetry"/>
</testsuite> <!-- ca.mss.rd.flow.test.TestSpFlowEnableDisableFailRetry -->
